Start testing: Oct 24 14:25 +07
----------------------------------------------------------
1/9 Testing: example_test
1/9 Test: example_test
Command: "/home/nikita/Study/compilers/CMake/build/tests/GTest/test_libsimple"
Directory: /home/nikita/Study/compilers/CMake/build/tests/GTest
"example_test" start time: Oct 24 14:25 +07
Output:
----------------------------------------------------------
Running main() from /home/nikita/Study/compilers/CMake/external/gTest/googletest/src/gtest_main.cc
[==========] Running 4 tests from 1 test suite.
[----------] Global test environment set-up.
[----------] 4 tests from Libsimple
[ RUN      ] Libsimple.Sum_one
[       OK ] Libsimple.Sum_one (0 ms)
[ RUN      ] Libsimple.Sum_two
[       OK ] Libsimple.Sum_two (0 ms)
[ RUN      ] Libsimple.Quadratic_equation_one
[       OK ] Libsimple.Quadratic_equation_one (0 ms)
[ RUN      ] Libsimple.Quadratic_equation_two
[       OK ] Libsimple.Quadratic_equation_two (0 ms)
[----------] 4 tests from Libsimple (0 ms total)

[----------] Global test environment tear-down
[==========] 4 tests from 1 test suite ran. (0 ms total)
[  PASSED  ] 4 tests.
<end of output>
Test time =   0.00 sec
----------------------------------------------------------
Test Passed.
"example_test" end time: Oct 24 14:25 +07
"example_test" time elapsed: 00:00:00
----------------------------------------------------------

2/9 Testing: Runs
2/9 Test: Runs
Command: "/home/nikita/Study/compilers/CMake/build/src/main/Simple" "-a" "3,10,3"
Directory: /home/nikita/Study/compilers/CMake/build/tests/CTest
"Runs" start time: Oct 24 14:25 +07
Output:
----------------------------------------------------------
x1 is -0.333333
x2 is -3
<end of output>
Test time =   0.00 sec
----------------------------------------------------------
Test Passed.
"Runs" end time: Oct 24 14:25 +07
"Runs" time elapsed: 00:00:00
----------------------------------------------------------

3/9 Testing: Comp"-a 1,1,1"
3/9 Test: Comp"-a 1,1,1"
Command: "/home/nikita/Study/compilers/CMake/build/src/main/Simple" "-a" "1,1,1"
Directory: /home/nikita/Study/compilers/CMake/build/tests/CTest
"Comp"-a 1,1,1"" start time: Oct 24 14:25 +07
Output:
----------------------------------------------------------
D < 0
<end of output>
Test time =   0.00 sec
----------------------------------------------------------
Test Pass Reason:
Required regular expression found. Regex=[D < 0]
"Comp"-a 1,1,1"" end time: Oct 24 14:25 +07
"Comp"-a 1,1,1"" time elapsed: 00:00:00
----------------------------------------------------------

4/9 Testing: Comp"-a 3,10,3"
4/9 Test: Comp"-a 3,10,3"
Command: "/home/nikita/Study/compilers/CMake/build/src/main/Simple" "-a" "3,10,3"
Directory: /home/nikita/Study/compilers/CMake/build/tests/CTest
"Comp"-a 3,10,3"" start time: Oct 24 14:25 +07
Output:
----------------------------------------------------------
x1 is -0.333333
x2 is -3
<end of output>
Test time =   0.00 sec
----------------------------------------------------------
Test Pass Reason:
Required regular expression found. Regex=[x1 is -0.333333
x2 is -3]
"Comp"-a 3,10,3"" end time: Oct 24 14:25 +07
"Comp"-a 3,10,3"" time elapsed: 00:00:00
----------------------------------------------------------

5/9 Testing: Comp"-a 4,13,-1"
5/9 Test: Comp"-a 4,13,-1"
Command: "/home/nikita/Study/compilers/CMake/build/src/main/Simple" "-a" "4,13,-1"
Directory: /home/nikita/Study/compilers/CMake/build/tests/CTest
"Comp"-a 4,13,-1"" start time: Oct 24 14:25 +07
Output:
----------------------------------------------------------
x1 is 0.0751838
x2 is -3.32518
<end of output>
Test time =   0.00 sec
----------------------------------------------------------
Test Pass Reason:
Required regular expression found. Regex=[x1 is 0.0751838
x2 is -3.32518]
"Comp"-a 4,13,-1"" end time: Oct 24 14:25 +07
"Comp"-a 4,13,-1"" time elapsed: 00:00:00
----------------------------------------------------------

6/9 Testing: Comp"-a 1,1"
6/9 Test: Comp"-a 1,1"
Command: "/home/nikita/Study/compilers/CMake/build/src/main/Simple" "-a" "1,1"
Directory: /home/nikita/Study/compilers/CMake/build/tests/CTest
"Comp"-a 1,1"" start time: Oct 24 14:25 +07
Output:
----------------------------------------------------------
1 V 1 is 2
<end of output>
Test time =   0.00 sec
----------------------------------------------------------
Test Pass Reason:
Required regular expression found. Regex=[1 V 1 is 2]
"Comp"-a 1,1"" end time: Oct 24 14:25 +07
"Comp"-a 1,1"" time elapsed: 00:00:00
----------------------------------------------------------

7/9 Testing: Comp"-a -1,23"
7/9 Test: Comp"-a -1,23"
Command: "/home/nikita/Study/compilers/CMake/build/src/main/Simple" "-a" "-1,23"
Directory: /home/nikita/Study/compilers/CMake/build/tests/CTest
"Comp"-a -1,23"" start time: Oct 24 14:25 +07
Output:
----------------------------------------------------------
-1 V 23 is 22
<end of output>
Test time =   0.00 sec
----------------------------------------------------------
Test Pass Reason:
Required regular expression found. Regex=[-1 V 23 is 22]
"Comp"-a -1,23"" end time: Oct 24 14:25 +07
"Comp"-a -1,23"" time elapsed: 00:00:00
----------------------------------------------------------

8/9 Testing: Comp"-a 0,3"
8/9 Test: Comp"-a 0,3"
Command: "/home/nikita/Study/compilers/CMake/build/src/main/Simple" "-a" "0,3"
Directory: /home/nikita/Study/compilers/CMake/build/tests/CTest
"Comp"-a 0,3"" start time: Oct 24 14:25 +07
Output:
----------------------------------------------------------
0 V 3 is 3
<end of output>
Test time =   0.00 sec
----------------------------------------------------------
Test Pass Reason:
Required regular expression found. Regex=[0 V 3 is 3]
"Comp"-a 0,3"" end time: Oct 24 14:25 +07
"Comp"-a 0,3"" time elapsed: 00:00:00
----------------------------------------------------------

9/9 Testing: Comp"-a 1"
9/9 Test: Comp"-a 1"
Command: "/home/nikita/Study/compilers/CMake/build/src/main/Simple" "-a" "1"
Directory: /home/nikita/Study/compilers/CMake/build/tests/CTest
"Comp"-a 1"" start time: Oct 24 14:25 +07
Output:
----------------------------------------------------------
Arguments for mathematical calculations
	2 args - sum
	3 args - quadratic_equation
<end of output>
Test time =   0.00 sec
----------------------------------------------------------
Test Pass Reason:
Required regular expression found. Regex=[Arguments for mathematical calculations
	2 args - sum
	3 args - quadratic_equation]
"Comp"-a 1"" end time: Oct 24 14:25 +07
"Comp"-a 1"" time elapsed: 00:00:00
----------------------------------------------------------

End testing: Oct 24 14:25 +07
